[2020-03-25 15:12:32.469240174 +0900 JST m=+79.894222635]  update file data :2020-03-09-12-16-51.pdf
[2020-03-25 15:14:47.041057026 +0900 JST m=+214.466039543]  update file data :2020年02月17日20時06分20秒.jpg
[2020-03-25 15:30:47.118265964 +0900 JST m=+31.479753451]  update file data :2020-03-09-12-16-51.pdf
[2020-03-25 15:43:13.794137307 +0900 JST m=+8.324560393]  update file data :2020-03-09-12-16-51.pdf
[2020-03-25 22:13:44.159538339 +0900 JST m=+27.316977222]  update file data :EDGE_1.pdf
[2020-03-25 22:14:20.27160521 +0900 JST m=+63.429044014]  update file data :EDGE_1.pdf
[2020-03-25 22:14:59.561961144 +0900 JST m=+102.719399946]  update file data :EDGE_1.pdf
[2020-03-25 22:17:16.78212002 +0900 JST m=+239.939558897]  update file data :EDGE_1.pdf
[2020-03-25 22:20:20.10327523 +0900 JST m=+12.292190017]  update file data :EDGE_1.pdf
[2020-03-25 22:22:29.851863507 +0900 JST m=+16.346639953]  update file data :EDGE_1.pdf
[2020-03-25 22:28:13.691518089 +0900 JST m=+15.770575386]  update file data :EDGE_1.pdf
[2020-03-26 19:12:49.478511717 +0900 JST m=+46.794345961]  update file data :knights_and_magic_COMIC11.pdf
[2020-03-26 20:03:55.543919988 +0900 JST m=+42.588731388]  update file data :mahoutukainoinsatujo4.pdf
[2020-03-26 20:05:51.851399232 +0900 JST m=+158.896210517]  update file data :mahoutukainoinsatujo4.pdf
[2020-03-26 20:06:39.850616567 +0900 JST m=+206.895427873]  update file data :mahoutukainoinsatujo4.pdf
[2020-03-26 20:09:04.295498374 +0900 JST m=+32.447412993]  update file data :mahoutukainoinsatujo4.pdf
[2020-03-26 20:13:38.837457465 +0900 JST m=+43.119891990]  update file data :mahoutukainoinsatujo4.pdf
[2020-03-26 20:26:15.012413843 +0900 JST m=+50.607046904]  update file data :mahoutukainoinsatujo4.pdf
[2020-03-26 20:38:21.938356794 +0900 JST m=+47.166153716]  update file data :mahoutukainoinsatujo4.pdf
[2020-03-26 20:41:35.780206436 +0900 JST m=+241.008003349]  update file data :mahoutukainoinsatujo4.pdf
[2020-03-26 20:51:10.81947926 +0900 JST m=+23.552487367]  update file data :mahoutukainoinsatujo4.pdf
[2020-03-26 20:57:49.124564148 +0900 JST m=+41.419562119]  update file data :knights_and_magic_COMIC11.pdf
[2020-03-26 20:58:15.413173279 +0900 JST m=+67.708171248]  update file data :mahoutukainoinsatujo4.pdf
[2020-03-26 21:12:03.624788055 +0900 JST m=+895.919785999]  update file data :mahoutukainoinsatujo4.pdf
[2020-03-26 21:14:53.98776602 +0900 JST m=+1066.282763965]  update file data :mahoutukainoinsatujo4.pdf
[2020-03-26 21:15:43.235763102 +0900 JST m=+1115.530761063]  update file data :mahoutukainoinsatujo4.pdf
[2020-03-26 21:21:06.568847267 +0900 JST m=+1438.863845230]  update file data :knights_and_magic_COMIC11.pdf
[2020-03-26 21:22:44.601528548 +0900 JST m=+1536.896526527]  update file data :mahoutukainoinsatujo4.pdf
[2020-03-26 21:24:22.032942627 +0900 JST m=+1634.327940593]  update file data :knights_and_magic_COMIC11.pdf
[2020-03-26 21:25:50.370086713 +0900 JST m=+1722.665084663]  update file data :knights_and_magic_COMIC11.pdf
[2020-03-26 21:38:22.628320319 +0900 JST m=+2474.923318288]  update file data :mahoutukainoinsatujo4.pdf
[2020-03-26 21:38:54.297059983 +0900 JST m=+2506.592057953]  update file data :mahoutukainoinsatujo4.pdf
[2020-03-26 21:43:14.53965105 +0900 JST m=+2766.834649014]  update file data :mahoutukainoinsatujo4.pdf
[2020-03-26 21:47:56.806219921 +0900 JST m=+3049.101217895]  update file data :mahoutukainoinsatujo4.pdf
[2020-03-26 22:03:31.814256776 +0900 JST m=+32.494462964]  update file data :knights_and_magic_COMIC11.pdf
[2020-03-26 22:29:33.607584333 +0900 JST m=+24.517938299]  update file data :mahoutukainoinsatujo4.pdf
[2020-03-26 22:44:22.897000814 +0900 JST m=+21.468211967]  update file data :mahoutukainoinsatujo4.pdf
[2020-03-26 22:44:42.660485033 +0900 JST m=+41.231696190]  update file data :knights_and_magic_COMIC11.pdf
[2020-03-26 23:02:53.57675509 +0900 JST m=+33.057391081]  update file data :mahoutukainoinsatujo4.pdf
[2020-03-26 23:03:10.218093481 +0900 JST m=+49.698729474]  update file data :knights_and_magic_COMIC11.pdf
[2020-03-26 23:48:59.834582754 +0900 JST m=+1104.153034836]  update file data :knights_and_magic_COMIC10.pdf
[2020-03-27 13:29:25.39499939 +0900 JST m=+21.784124528]  download URL:/download/pdf/1,Name:mahoutukainoinsatujo4[2020-03-27 13:29:39.114739559 +0900 JST m=+35.503864633]  download URL:/download/zip/1,Name:mahoutukainoinsatujo4[2020-03-27 13:29:55.807062537 +0900 JST m=+52.196187646]  download err URL:/download/zip/4[2020-03-27 13:34:36.179181019 +0900 JST m=+332.568306127]  download URL:/download/zip/3,Name:knights_and_magic_COMIC10[2020-03-27 13:35:17.603742383 +0900 JST m=+373.992867460]  download URL:/download/zip/3,Name:knights_and_magic_COMIC10[2020-03-27 13:35:33.523274066 +0900 JST m=+389.912399220]  download URL:/download/zip/1,Name:mahoutukainoinsatujo4[2020-03-27 13:36:54.932006742 +0900 JST m=+471.321131948]  download URL:/download/zip/3,Name:knights_and_magic_COMIC10[2020-03-27 13:37:47.360789355 +0900 JST m=+523.749914510]  download URL:/download/zip/3,Name:knights_and_magic_COMIC10[2020-03-27 13:38:20.321452189 +0900 JST m=+2.764181741]  download URL:/download/zip/3,Name:knights_and_magic_COMIC10[2020-03-27 13:42:37.765520623 +0900 JST m=+260.208250169]  download URL:/download/zip/1,Name:mahoutukainoinsatujo4[2020-03-27 19:22:54.607196945 +0900 JST m=+81.676800321]  update file data :knights_and_magic_COMIC10.pdf
[2020-03-27 19:23:26.481000152 +0900 JST m=+113.550603592]  update file data :knights_and_magic_COMIC11.pdf
[2020-03-27 19:26:36.170856625 +0900 JST m=+303.240459984]  update file data :knights_and_magic_COMIC9.pdf
